eeschema (2011-05-25)-stable  >> Creation date: Tue 11 Mar 2014 02:47:16 PM EDT

#Cmp ( order = Reference )
| C1         10uF        
| C2         10uF        
| C3         0.1uF       
| P1         DBNC_INPUT  
| P2         DRIVE       
| P3         +24VDC      
| P4         INT_STEPPER 
| P5         INT_TONE    
| R1         118         
| REG1       CONV_DC_DC  
| SHIELD1    ARDUINO_MEGA_SHIELD_FULL
| SP1        SPEAKER     
| U1         MAX6817     
#End Cmp

#Cmp ( order = Value )
| +24VDC       P3        
| 0.1uF        C3        
| 10uF         C1        
| 10uF         C2        
| 118          R1        
| ARDUINO_MEGA_SHIELD_FULL SHIELD1   
| CONV_DC_DC   REG1      
| DBNC_INPUT   P1        
| DRIVE        P2        
| INT_STEPPER  P4        
| INT_TONE     P5        
| MAX6817      U1        
| SPEAKER      SP1       
#End Cmp

#End List
